<?xml version="1.0" encoding="UTF-8"?>
<!-- Generated by org.testng.reporters.JUnitReportReporter -->
<testsuite hostname="LAPTOP-2NA4FFI8" failures="0" tests="2" name="com.fpix.tests.Lern.LoginScenario1" time="0.015" errors="0" timestamp="24 Jan 2019 16:18:14 GMT" skipped="2">
  <testcase classname="com.fpix.tests.Lern.LoginScenario1" name="userLogin" time="0.010">
    <skipped/>
  </testcase> <!-- userLogin -->
  <testcase classname="com.fpix.tests.Lern.LoginScenario1" name="userLogin" time="0.005">
    <skipped/>
  </testcase> <!-- userLogin -->
</testsuite> <!-- com.fpix.tests.Lern.LoginScenario1 -->
