<?xml version="1.0" encoding="UTF-8"?>
<!-- Generated by org.testng.reporters.JUnitReportReporter -->
<testsuite skipped="0" hostname="LAPTOP-2NA4FFI8" name="com.fpix.tests.Lern.SampleTest" tests="1" failures="0" timestamp="09 Feb 2019 07:54:04 GMT" time="13.365" errors="0">
  <testcase name="openBrowser" time="13.365" classname="com.fpix.tests.Lern.SampleTest"/>
</testsuite> <!-- com.fpix.tests.Lern.SampleTest -->
