<?xml version="1.0" encoding="UTF-8"?>
<!-- Generated by org.testng.reporters.JUnitReportReporter -->
<testsuite skipped="0" hostname="LAPTOP-2NA4FFI8" name="com.fpix.tests.Lern.SeleniumScenarios" tests="1" failures="0" timestamp="09 Feb 2019 09:56:24 GMT" time="14.042" errors="0">
  <testcase name="handlingWindows" time="14.042" classname="com.fpix.tests.Lern.SeleniumScenarios"/>
</testsuite> <!-- com.fpix.tests.Lern.SeleniumScenarios -->
